<?xml version='1.0' encoding='UTF-8'?>
<testsuites><testsuite name="Open Google homepage" tests="1" errors="0" failures="0" skipped="0" time="36.33" timestamp="2025-09-16T14:26:18.847501"><testcase name="User opens Google homepage" classname="Open Google homepage" time="36.33"><system-out>EXPECTED RESULT: The Google homepage should display the Google logo and the search bar.
ACTUAL RESULT: The Google homepage displayed the Google logo, search bar, and interactive buttons as expected.</system-out><properties><property name="Terminate" value="yes"/><property name="Feature File" value="./opt/gherkin_files/User_opens_Google_homepage.feature"/><property name="Output File" value="./opt/output/run_20250916_142522/Open_Google_homepage_User_opens_Google_homepage_results.xml"/><property name="Proofs Video" value="/home/kalypso/testzeus-hercules-tests/opt/proofs/User_opens_Google_homepage/run_20250916_142522/videos/video_of_User_opens_Google_homepage.webm"/><property name="Proofs Base Folder, includes screenshots, recording, netwrok logs, api logs, sec logs, accessibility logs" value="./opt/proofs/User_opens_Google_homepage/run_20250916_142522"/><property name="Proofs Screenshot" value="./opt/proofs/User_opens_Google_homepage/run_20250916_142522/screenshots"/><property name="Network Logs" value="./opt/proofs/User_opens_Google_homepage/run_20250916_142522/network_logs.json"/><property name="Agents Internal Logs" value="./opt/log_files/User_opens_Google_homepage/run_20250916_142522"/><property name="Planner Thoughts" value="./opt/log_files/User_opens_Google_homepage/run_20250916_142522/chat_messages.json"/><property name="plan" value="1. Open a web browser.&#10;2. Navigate to 'https://www.google.com'.&#10;3. Verify that the Google homepage is displayed."/><property name="next_step" value="No further steps required as the test case has been successfully completed."/><property name="terminate" value="yes"/><property name="target_helper" value="Not_Applicable"/></properties><system-out>Final Response: The Google homepage was successfully displayed with the Google logo, search bar, and interactive buttons visible.</system-out><system-out/></testcase><properties><property name="total_execution_cost" value="0.0"/><property name="total_token_used" value="0"/></properties></testsuite></testsuites>